Router (Router)::init :: 92	/
Router (Router)::routeV1 :: 275	arg `bundleidentifier` not set
Router (Router)::routeV1 :: 276	arg `type` not set
AppUpdater (AppUpdater)::getApplicationVersions :: 301	arg `lang` not set
AppUpdater (AppUpdater)::getApplicationVersions :: 301	arg `lang` not set
AppUpdater (AppUpdater)::getApplicationVersions :: 301	arg `lang` not set
Router (Router)::init :: 92	/
Router (Router)::routeV1 :: 275	arg `bundleidentifier` not set
Router (Router)::routeV1 :: 276	arg `type` not set
AppUpdater (AppUpdater)::getApplicationVersions :: 301	arg `lang` not set
AppUpdater (AppUpdater)::getApplicationVersions :: 301	arg `lang` not set
AppUpdater (AppUpdater)::getApplicationVersions :: 301	arg `lang` not set
Router (Router)::init :: 92	/
Router (Router)::routeV1 :: 275	arg `bundleidentifier` not set
Router (Router)::routeV1 :: 276	arg `type` not set
AppUpdater (AppUpdater)::getApplicationVersions :: 301	arg `lang` not set
AppUpdater (AppUpdater)::getApplicationVersions :: 301	arg `lang` not set
AppUpdater (AppUpdater)::getApplicationVersions :: 301	arg `lang` not set
Router (Router)::init :: 92	/
Router (Router)::routeV1 :: 275	arg `bundleidentifier` not set
Router (Router)::routeV1 :: 276	arg `type` not set
AppUpdater (AppUpdater)::getApplicationVersions :: 301	arg `lang` not set
AppUpdater (AppUpdater)::getApplicationVersions :: 301	arg `lang` not set
AppUpdater (AppUpdater)::getApplicationVersions :: 301	arg `lang` not set
Router (Router)::init :: 92	/
Router (Router)::routeV1 :: 275	arg `bundleidentifier` not set
Router (Router)::routeV1 :: 276	arg `type` not set
AppUpdater (AppUpdater)::getApplicationVersions :: 301	arg `lang` not set
AppUpdater (AppUpdater)::getApplicationVersions :: 301	arg `lang` not set
AppUpdater (AppUpdater)::getApplicationVersions :: 301	arg `lang` not set
Router (Router)::init :: 92	/
Router (Router)::routeV1 :: 275	arg `bundleidentifier` not set
Router (Router)::routeV1 :: 276	arg `type` not set
AppUpdater (AppUpdater)::getApplicationVersions :: 301	arg `lang` not set
AppUpdater (AppUpdater)::getApplicationVersions :: 301	arg `lang` not set
AppUpdater (AppUpdater)::getApplicationVersions :: 301	arg `lang` not set
Router (Router)::init :: 92	/
Router (Router)::routeV1 :: 275	arg `bundleidentifier` not set
Router (Router)::routeV1 :: 276	arg `type` not set
AppUpdater (AppUpdater)::getApplicationVersions :: 301	arg `lang` not set
AppUpdater (AppUpdater)::getApplicationVersions :: 301	arg `lang` not set
AppUpdater (AppUpdater)::getApplicationVersions :: 301	arg `lang` not set
Router (Router)::init :: 92	/tests/test/2.9.4
Router (Router)::routeV1 :: 275	arg `bundleidentifier` not set
Router (Router)::routeV1 :: 276	arg `type` not set
AppUpdater (AppUpdater)::getApplicationVersions :: 301	arg `lang` not set
AppUpdater (AppUpdater)::getApplicationVersions :: 301	arg `lang` not set
AppUpdater (AppUpdater)::getApplicationVersions :: 301	arg `lang` not set
Router (Router)::init :: 92	/
Router (Router)::routeV1 :: 275	arg `bundleidentifier` not set
Router (Router)::routeV1 :: 276	arg `type` not set
AppUpdater (AppUpdater)::getApplicationVersions :: 301	arg `lang` not set
AppUpdater (AppUpdater)::getApplicationVersions :: 301	arg `lang` not set
AppUpdater (AppUpdater)::getApplicationVersions :: 301	arg `lang` not set
